{"/home/vladislav_shalimov/frontend-project-46/src/gendiff.js": {"path":"/home/vladislav_shalimov/frontend-project-46/src/gendiff.js","statementMap":{"0":{"start":{"line":6,"column":16},"end":{"line":56,"column":1}},"1":{"start":{"line":7,"column":2},"end":{"line":7,"column":21}},"2":{"start":{"line":8,"column":27},"end":{"line":8,"column":57}},"3":{"start":{"line":9,"column":2},"end":{"line":9,"column":32}},"4":{"start":{"line":10,"column":27},"end":{"line":10,"column":57}},"5":{"start":{"line":11,"column":2},"end":{"line":11,"column":32}},"6":{"start":{"line":12,"column":16},"end":{"line":12,"column":58}},"7":{"start":{"line":13,"column":16},"end":{"line":13,"column":58}},"8":{"start":{"line":14,"column":15},"end":{"line":14,"column":32}},"9":{"start":{"line":15,"column":15},"end":{"line":15,"column":32}},"10":{"start":{"line":16,"column":22},"end":{"line":16,"column":23}},"11":{"start":{"line":17,"column":19},"end":{"line":17,"column":22}},"12":{"start":{"line":18,"column":15},"end":{"line":54,"column":3}},"13":{"start":{"line":19,"column":17},"end":{"line":19,"column":78}},"14":{"start":{"line":21,"column":23},"end":{"line":21,"column":42}},"15":{"start":{"line":22,"column":26},"end":{"line":22,"column":53}},"16":{"start":{"line":23,"column":26},"end":{"line":23,"column":67}},"17":{"start":{"line":25,"column":18},"end":{"line":47,"column":10}},"18":{"start":{"line":26,"column":6},"end":{"line":28,"column":7}},"19":{"start":{"line":27,"column":8},"end":{"line":27,"column":104}},"20":{"start":{"line":37,"column":6},"end":{"line":39,"column":7}},"21":{"start":{"line":38,"column":8},"end":{"line":38,"column":67}},"22":{"start":{"line":40,"column":6},"end":{"line":42,"column":7}},"23":{"start":{"line":41,"column":8},"end":{"line":41,"column":60}},"24":{"start":{"line":43,"column":6},"end":{"line":45,"column":7}},"25":{"start":{"line":44,"column":8},"end":{"line":44,"column":60}},"26":{"start":{"line":46,"column":6},"end":{"line":46,"column":17}},"27":{"start":{"line":49,"column":4},"end":{"line":53,"column":17}},"28":{"start":{"line":55,"column":2},"end":{"line":55,"column":29}}},"fnMap":{"0":{"name":"(anonymous_0)","decl":{"start":{"line":6,"column":16},"end":{"line":6,"column":17}},"loc":{"start":{"line":6,"column":42},"end":{"line":56,"column":1}},"line":6},"1":{"name":"(anonymous_1)","decl":{"start":{"line":18,"column":15},"end":{"line":18,"column":16}},"loc":{"start":{"line":18,"column":40},"end":{"line":54,"column":3}},"line":18},"2":{"name":"(anonymous_2)","decl":{"start":{"line":25,"column":30},"end":{"line":25,"column":31}},"loc":{"start":{"line":25,"column":44},"end":{"line":47,"column":5}},"line":25}},"branchMap":{"0":{"loc":{"start":{"line":26,"column":6},"end":{"line":28,"column":7}},"type":"if","locations":[{"start":{"line":26,"column":6},"end":{"line":28,"column":7}},{"start":{},"end":{}}],"line":26},"1":{"loc":{"start":{"line":26,"column":10},"end":{"line":26,"column":58}},"type":"binary-expr","locations":[{"start":{"line":26,"column":10},"end":{"line":26,"column":32}},{"start":{"line":26,"column":36},"end":{"line":26,"column":58}}],"line":26},"2":{"loc":{"start":{"line":37,"column":6},"end":{"line":39,"column":7}},"type":"if","locations":[{"start":{"line":37,"column":6},"end":{"line":39,"column":7}},{"start":{},"end":{}}],"line":37},"3":{"loc":{"start":{"line":40,"column":6},"end":{"line":42,"column":7}},"type":"if","locations":[{"start":{"line":40,"column":6},"end":{"line":42,"column":7}},{"start":{},"end":{}}],"line":40},"4":{"loc":{"start":{"line":43,"column":6},"end":{"line":45,"column":7}},"type":"if","locations":[{"start":{"line":43,"column":6},"end":{"line":45,"column":7}},{"start":{},"end":{}}],"line":43}},"s":{"0":1,"1":1,"2":1,"3":1,"4":1,"5":1,"6":1,"7":1,"8":1,"9":1,"10":1,"11":1,"12":1,"13":1,"14":1,"15":1,"16":1,"17":1,"18":5,"19":0,"20":5,"21":1,"22":4,"23":3,"24":4,"25":2,"26":4,"27":1,"28":1},"f":{"0":1,"1":1,"2":5},"b":{"0":[0,5],"1":[5,0],"2":[1,4],"3":[3,1],"4":[2,2]},"_coverageSchema":"1a1c01bbd47fc00a2c39e90264f33305004495a9","hash":"ad13ef66fc736146bf5e54b7dcafe8b5504f18b8"}
}
