TN:
SF:src/gendiff.js
FN:6,(anonymous_0)
FN:18,(anonymous_1)
FN:25,(anonymous_2)
FNF:3
FNH:3
FNDA:1,(anonymous_0)
FNDA:1,(anonymous_1)
FNDA:5,(anonymous_2)
DA:6,1
DA:7,1
DA:8,1
DA:9,1
DA:10,1
DA:11,1
DA:12,1
DA:13,1
DA:14,1
DA:15,1
DA:16,1
DA:17,1
DA:18,1
DA:19,1
DA:21,1
DA:22,1
DA:23,1
DA:25,1
DA:26,5
DA:27,0
DA:37,5
DA:38,1
DA:40,4
DA:41,3
DA:43,4
DA:44,2
DA:46,4
DA:49,1
DA:55,1
LF:29
LH:28
BRDA:26,0,0,0
BRDA:26,0,1,5
BRDA:26,1,0,5
BRDA:26,1,1,0
BRDA:37,2,0,1
BRDA:37,2,1,4
BRDA:40,3,0,3
BRDA:40,3,1,1
BRDA:43,4,0,2
BRDA:43,4,1,2
BRF:10
BRH:8
end_of_record
